<?xml version="1.0" encoding="UTF-8"?>
<testng-results ignored="0" total="1" passed="1" failed="0" skipped="0">
  <reporter-output>
  </reporter-output>
  <suite started-at="2021-09-21T14:47:47 CST" name="Default suite" finished-at="2021-09-21T14:47:51 CST" duration-ms="4053">
    <groups>
    </groups>
    <test started-at="2021-09-21T14:47:47 CST" name="Default test" finished-at="2021-09-21T14:47:51 CST" duration-ms="4053">
      <class name="testAutomation.SauceDemoTest">
        <test-method is-config="true" signature="setBrowser()[pri:0, instance:testAutomation.SauceDemoTest@306f16f3]" started-at="2021-09-21T14:47:47 CST" name="setBrowser" finished-at="2021-09-21T14:47:48 CST" duration-ms="1501" status="PASS">
          <reporter-output>
          </reporter-output>
        </test-method> <!-- setBrowser -->
        <test-method is-config="true" signature="openBrowserAndApplication()[pri:0, instance:testAutomation.SauceDemoTest@306f16f3]" started-at="2021-09-21T14:47:48 CST" name="openBrowserAndApplication" finished-at="2021-09-21T14:47:50 CST" duration-ms="1617" status="PASS">
          <reporter-output>
          </reporter-output>
        </test-method> <!-- openBrowserAndApplication -->
        <test-method signature="sauceDemoTesting()[pri:0, instance:testAutomation.SauceDemoTest@306f16f3]" started-at="2021-09-21T14:47:50 CST" name="sauceDemoTesting" finished-at="2021-09-21T14:47:50 CST" duration-ms="226" status="PASS">
          <reporter-output>
          </reporter-output>
        </test-method> <!-- sauceDemoTesting -->
        <test-method is-config="true" signature="endTest()[pri:0, instance:testAutomation.SauceDemoTest@306f16f3]" started-at="2021-09-21T14:47:50 CST" name="endTest" finished-at="2021-09-21T14:47:50 CST" duration-ms="113" status="PASS">
          <reporter-output>
          </reporter-output>
        </test-method> <!-- endTest -->
        <test-method is-config="true" signature="closeBrowser()[pri:0, instance:testAutomation.SauceDemoTest@306f16f3]" started-at="2021-09-21T14:47:50 CST" name="closeBrowser" finished-at="2021-09-21T14:47:51 CST" duration-ms="570" status="PASS">
          <reporter-output>
          </reporter-output>
        </test-method> <!-- closeBrowser -->
      </class> <!-- testAutomation.SauceDemoTest -->
    </test> <!-- Default test -->
  </suite> <!-- Default suite -->
</testng-results>
